---------------------------------------------------------------
[ 2017-12-04T16:36:53+01:00 ] ::1 ::1 PUT /user
[ info ] localhost/user [运行时间：0.029001s][吞吐率：34.48req/s] [内存消耗：1,259.48kb] [文件加载：24]
[ error ] [1]Class 'Log' not found[C:\wamp\www\project\application\config.php:12]
[ info ] [ LOG ] INIT File
---------------------------------------------------------------
[ 2017-12-04T16:39:41+01:00 ] ::1 ::1 PUT /user
[ info ] localhost/user [运行时间：0.022002s][吞吐率：45.45req/s] [内存消耗：1,259.01kb] [文件加载：24]
[ error ] [1]Class 'Log' not found[C:\wamp\www\project\application\config.php:12]
[ info ] [ LOG ] INIT File
---------------------------------------------------------------
[ 2017-12-04T16:40:55+01:00 ] ::1 ::1 PUT /user
[ info ] localhost/user [运行时间：0.024001s][吞吐率：41.66req/s] [内存消耗：1,259.01kb] [文件加载：24]
[ error ] [1]Class 'Log' not found[C:\wamp\www\project\application\config.php:12]
[ info ] [ LOG ] INIT File
---------------------------------------------------------------
[ 2017-12-04T16:43:32+01:00 ] ::1 ::1 PUT /user
[ info ] localhost/user [运行时间：0.023002s][吞吐率：43.47req/s] [内存消耗：1,259.01kb] [文件加载：24]
[ error ] [1]Class 'Log' not found[C:\wamp\www\project\application\config.php:12]
[ info ] [ LOG ] INIT File
---------------------------------------------------------------
[ 2017-12-04T16:44:10+01:00 ] ::1 ::1 PUT /user
[ info ] localhost/user [运行时间：0.028002s][吞吐率：35.71req/s] [内存消耗：1,258.99kb] [文件加载：24]
[ error ] [1]Class 'think\log' not found[C:\wamp\www\project\application\config.php:13]
[ info ] [ LOG ] INIT File
