---------------------------------------------------------------
[ 2017-12-05T00:00:42+08:00 ] ::1 ::1 PUT /user?test=1111
[ info ] localhost/user?test=1111 [运行时间：0.037002s][吞吐率：27.03req/s] [内存消耗：4,270.15kb] [文件加载：49]
[ info ] [ LOG ] INIT File
[ info ] [ LANG ] C:\wamp\www\project\thinkphp\lang\zh-cn.php
[ info ] [ BIND ] 'index'
[ info ] [ ROUTE ] array (
  'type' => 'module',
  'module' => 
  array (
    0 => NULL,
    1 => 'User',
    2 => 'put',
  ),
  'convert' => false,
)
[ info ] [ HEADER ] array (
  'host' => 'localhost',
  'connection' => 'keep-alive',
  'content-length' => '328',
  'user-agent' => 'Mozilla/5.0 (Windows NT 6.1; Win64; x64) AppleWebKit/537.36 (KHTML, like Gecko) Chrome/62.0.3202.94 Safari/537.36',
  'cache-control' => 'no-cache',
  'origin' => 'chrome-extension://fhbjgbiflinjbdggehcddcbncdddomop',
  'postman-token' => 'a1d6cca9-d178-b58e-eab6-0b3d111e62fa',
  'content-type' => 'multipart/form-data; boundary=----WebKitFormBoundaryHxeaBp8BAINioqBr',
  'accept' => '*/*',
  'accept-encoding' => 'gzip, deflate, br',
  'accept-language' => 'zh-CN,zh;q=0.9',
)
[ info ] [ PARAM ] array (
  '/user' => '',
  'test' => '1111',
  '------WebKitFormBoundaryHxeaBp8BAINioqBr
Content-Disposition:_form-data;_name' => '&quot;id&quot;

2
------WebKitFormBoundaryHxeaBp8BAINioqBr
Content-Disposition: form-data; name=&quot;openId&quot;

123
------WebKitFormBoundaryHxeaBp8BAINioqBr
Content-Disposition: form-data; name=&quot;nickName&quot;

234
------WebKitFormBoundaryHxeaBp8BAINioqBr--
',
)
[ info ] [ RUN ] app\index\controller\User->put[ C:\wamp\www\project\application\index\controller\User.php ]
[ info ] [ DB ] INIT mysql
[ error ] array (
  '------WebKitFormBoundaryHxeaBp8BAINioqBr
Content-Disposition:_form-data;_name' => '&quot;id&quot;

2
------WebKitFormBoundaryHxeaBp8BAINioqBr
Content-Disposition: form-data; name=&quot;openId&quot;

123
------WebKitFormBoundaryHxeaBp8BAINioqBr
Content-Disposition: form-data; name=&quot;nickName&quot;

234
------WebKitFormBoundaryHxeaBp8BAINioqBr--
',
)
[ error ] NULL
[ error ] [8]未定义数组索引: id[C:\wamp\www\project\application\index\model\User.php:15]
---------------------------------------------------------------
[ 2017-12-05T00:01:08+08:00 ] ::1 ::1 PUT /user?test=1111
[ info ] localhost/user?test=1111 [运行时间：0.032001s][吞吐率：31.25req/s] [内存消耗：4,270.50kb] [文件加载：49]
[ info ] [ LOG ] INIT File
[ info ] [ LANG ] C:\wamp\www\project\thinkphp\lang\zh-cn.php
[ info ] [ BIND ] 'index'
[ info ] [ ROUTE ] array (
  'type' => 'module',
  'module' => 
  array (
    0 => NULL,
    1 => 'User',
    2 => 'put',
  ),
  'convert' => false,
)
[ info ] [ HEADER ] array (
  'host' => 'localhost',
  'connection' => 'keep-alive',
  'content-length' => '328',
  'user-agent' => 'Mozilla/5.0 (Windows NT 6.1; Win64; x64) AppleWebKit/537.36 (KHTML, like Gecko) Chrome/62.0.3202.94 Safari/537.36',
  'cache-control' => 'no-cache',
  'origin' => 'chrome-extension://fhbjgbiflinjbdggehcddcbncdddomop',
  'postman-token' => 'bb941d1b-1f00-5bd6-db30-6312e75048a7',
  'content-type' => 'multipart/form-data; boundary=----WebKitFormBoundary4voHjAqaxR4doNaO',
  'accept' => '*/*',
  'accept-encoding' => 'gzip, deflate, br',
  'accept-language' => 'zh-CN,zh;q=0.9',
)
[ info ] [ PARAM ] array (
  '/user' => '',
  'test' => '1111',
  '------WebKitFormBoundary4voHjAqaxR4doNaO
Content-Disposition:_form-data;_name' => '&quot;id&quot;

2
------WebKitFormBoundary4voHjAqaxR4doNaO
Content-Disposition: form-data; name=&quot;openId&quot;

123
------WebKitFormBoundary4voHjAqaxR4doNaO
Content-Disposition: form-data; name=&quot;nickName&quot;

234
------WebKitFormBoundary4voHjAqaxR4doNaO--
',
)
[ info ] [ RUN ] app\index\controller\User->put[ C:\wamp\www\project\application\index\controller\User.php ]
[ info ] [ DB ] INIT mysql
[ error ] array (
  '/user' => '',
  'test' => '1111',
  '------WebKitFormBoundary4voHjAqaxR4doNaO
Content-Disposition:_form-data;_name' => '&quot;id&quot;

2
------WebKitFormBoundary4voHjAqaxR4doNaO
Content-Disposition: form-data; name=&quot;openId&quot;

123
------WebKitFormBoundary4voHjAqaxR4doNaO
Content-Disposition: form-data; name=&quot;nickName&quot;

234
------WebKitFormBoundary4voHjAqaxR4doNaO--
',
)
[ error ] NULL
[ error ] [8]未定义数组索引: id[C:\wamp\www\project\application\index\model\User.php:15]
---------------------------------------------------------------
[ 2017-12-05T00:05:39+08:00 ] ::1 ::1 PUT /user?test=1111
[ info ] localhost/user?test=1111 [运行时间：0.067003s][吞吐率：14.92req/s] [内存消耗：4,435.60kb] [文件加载：50]
[ info ] [ LOG ] INIT File
[ info ] [ LANG ] C:\wamp\www\project\thinkphp\lang\zh-cn.php
[ info ] [ BIND ] 'index'
[ info ] [ ROUTE ] array (
  'type' => 'module',
  'module' => 
  array (
    0 => NULL,
    1 => 'User',
    2 => 'put',
  ),
  'convert' => false,
)
[ info ] [ HEADER ] array (
  'host' => 'localhost',
  'connection' => 'keep-alive',
  'content-length' => '328',
  'user-agent' => 'Mozilla/5.0 (Windows NT 6.1; Win64; x64) AppleWebKit/537.36 (KHTML, like Gecko) Chrome/62.0.3202.94 Safari/537.36',
  'cache-control' => 'no-cache',
  'origin' => 'chrome-extension://fhbjgbiflinjbdggehcddcbncdddomop',
  'postman-token' => '4092fa29-e19b-4ae4-a62a-7245f55c53c0',
  'content-type' => 'multipart/form-data; boundary=----WebKitFormBoundaryppOHrmadasFCjCty',
  'accept' => '*/*',
  'accept-encoding' => 'gzip, deflate, br',
  'accept-language' => 'zh-CN,zh;q=0.9',
)
[ info ] [ PARAM ] array (
  '/user' => '',
  'test' => '1111',
  '------WebKitFormBoundaryppOHrmadasFCjCty
Content-Disposition:_form-data;_name' => '&quot;id&quot;

2
------WebKitFormBoundaryppOHrmadasFCjCty
Content-Disposition: form-data; name=&quot;openId&quot;

123
------WebKitFormBoundaryppOHrmadasFCjCty
Content-Disposition: form-data; name=&quot;nickName&quot;

234
------WebKitFormBoundaryppOHrmadasFCjCty--
',
)
[ info ] [ RUN ] app\index\controller\User->put[ C:\wamp\www\project\application\index\controller\User.php ]
[ info ] [ DB ] INIT mysql
[ info ] [ CACHE ] INIT file
[ error ] array (
  '/user' => '',
  'test' => '1111',
  '------WebKitFormBoundaryppOHrmadasFCjCty
Content-Disposition:_form-data;_name' => '&quot;id&quot;

2
------WebKitFormBoundaryppOHrmadasFCjCty
Content-Disposition: form-data; name=&quot;openId&quot;

123
------WebKitFormBoundaryppOHrmadasFCjCty
Content-Disposition: form-data; name=&quot;nickName&quot;

234
------WebKitFormBoundaryppOHrmadasFCjCty--
',
)
[ error ] NULL
[ sql ] [ DB ] CONNECT:[ UseTime:0.011001s ] mysql:dbname=voice_app;host=127.0.0.1;charset=utf8
[ sql ] [ SQL ] SHOW COLUMNS FROM `tb_user` [ RunTime:0.002000s ]
[ sql ] [ SQL ] SELECT * FROM `tb_user` WHERE  `id` = 2 LIMIT 1 [ RunTime:0.000000s ]
---------------------------------------------------------------
[ 2017-12-05T00:06:39+08:00 ] ::1 ::1 PUT /user?test=1111
[ info ] localhost/user?test=1111 [运行时间：0.043003s][吞吐率：23.25req/s] [内存消耗：4,435.73kb] [文件加载：50]
[ info ] [ LOG ] INIT File
[ info ] [ LANG ] C:\wamp\www\project\thinkphp\lang\zh-cn.php
[ info ] [ BIND ] 'index'
[ info ] [ ROUTE ] array (
  'type' => 'module',
  'module' => 
  array (
    0 => NULL,
    1 => 'User',
    2 => 'put',
  ),
  'convert' => false,
)
[ info ] [ HEADER ] array (
  'host' => 'localhost',
  'connection' => 'keep-alive',
  'content-length' => '328',
  'user-agent' => 'Mozilla/5.0 (Windows NT 6.1; Win64; x64) AppleWebKit/537.36 (KHTML, like Gecko) Chrome/62.0.3202.94 Safari/537.36',
  'cache-control' => 'no-cache',
  'origin' => 'chrome-extension://fhbjgbiflinjbdggehcddcbncdddomop',
  'postman-token' => '35918255-355e-f557-42c3-2209abc19a77',
  'content-type' => 'multipart/form-data; boundary=----WebKitFormBoundaryAJBSBdltgMBGibAa',
  'accept' => '*/*',
  'accept-encoding' => 'gzip, deflate, br',
  'accept-language' => 'zh-CN,zh;q=0.9',
)
[ info ] [ PARAM ] array (
  '/user' => '',
  'test' => '1111',
  '------WebKitFormBoundaryAJBSBdltgMBGibAa
Content-Disposition:_form-data;_name' => '&quot;id&quot;

2
------WebKitFormBoundaryAJBSBdltgMBGibAa
Content-Disposition: form-data; name=&quot;openId&quot;

123
------WebKitFormBoundaryAJBSBdltgMBGibAa
Content-Disposition: form-data; name=&quot;nickName&quot;

234
------WebKitFormBoundaryAJBSBdltgMBGibAa--
',
)
[ info ] [ RUN ] app\index\controller\User->put[ C:\wamp\www\project\application\index\controller\User.php ]
[ info ] [ DB ] INIT mysql
[ info ] [ CACHE ] INIT file
[ error ] array (
  '/user' => '',
  'test' => '1111',
  '------WebKitFormBoundaryAJBSBdltgMBGibAa
Content-Disposition:_form-data;_name' => '&quot;id&quot;

2
------WebKitFormBoundaryAJBSBdltgMBGibAa
Content-Disposition: form-data; name=&quot;openId&quot;

123
------WebKitFormBoundaryAJBSBdltgMBGibAa
Content-Disposition: form-data; name=&quot;nickName&quot;

234
------WebKitFormBoundaryAJBSBdltgMBGibAa--
',
)
[ error ] NULL
[ sql ] [ DB ] CONNECT:[ UseTime:0.000000s ] mysql:dbname=voice_app;host=127.0.0.1;charset=utf8
[ sql ] [ SQL ] SHOW COLUMNS FROM `tb_user` [ RunTime:0.001000s ]
[ sql ] [ SQL ] SELECT * FROM `tb_user` WHERE  `id` = 2 LIMIT 1 [ RunTime:0.001000s ]
---------------------------------------------------------------
[ 2017-12-05T00:07:19+08:00 ] ::1 ::1 PUT /user?test=1111
[ info ] localhost/user?test=1111 [运行时间：0.045002s][吞吐率：22.22req/s] [内存消耗：4,449.47kb] [文件加载：50]
[ info ] [ LOG ] INIT File
[ info ] [ LANG ] C:\wamp\www\project\thinkphp\lang\zh-cn.php
[ info ] [ BIND ] 'index'
[ info ] [ ROUTE ] array (
  'type' => 'module',
  'module' => 
  array (
    0 => NULL,
    1 => 'User',
    2 => 'put',
  ),
  'convert' => false,
)
[ info ] [ HEADER ] array (
  'host' => 'localhost',
  'connection' => 'keep-alive',
  'content-length' => '328',
  'user-agent' => 'Mozilla/5.0 (Windows NT 6.1; Win64; x64) AppleWebKit/537.36 (KHTML, like Gecko) Chrome/62.0.3202.94 Safari/537.36',
  'cache-control' => 'no-cache',
  'origin' => 'chrome-extension://fhbjgbiflinjbdggehcddcbncdddomop',
  'postman-token' => '5a52aa29-8ded-7abb-404d-148c58f4d649',
  'content-type' => 'multipart/form-data; boundary=----WebKitFormBoundary8x45snCUWYb4UkvB',
  'accept' => '*/*',
  'accept-encoding' => 'gzip, deflate, br',
  'accept-language' => 'zh-CN,zh;q=0.9',
)
[ info ] [ PARAM ] array (
  '/user' => '',
  'test' => '1111',
  '------WebKitFormBoundary8x45snCUWYb4UkvB
Content-Disposition:_form-data;_name' => '&quot;id&quot;

2
------WebKitFormBoundary8x45snCUWYb4UkvB
Content-Disposition: form-data; name=&quot;openId&quot;

123
------WebKitFormBoundary8x45snCUWYb4UkvB
Content-Disposition: form-data; name=&quot;nickName&quot;

234
------WebKitFormBoundary8x45snCUWYb4UkvB--
',
)
[ info ] [ RUN ] app\index\controller\User->put[ C:\wamp\www\project\application\index\controller\User.php ]
[ info ] [ DB ] INIT mysql
[ info ] app\index\model\User::__set_state(array(
   'pk' => 'id',
   'connection' => 
  array (
  ),
   'parent' => NULL,
   'query' => NULL,
   'name' => 'User',
   'table' => NULL,
   'class' => 'app\\index\\model\\User',
   'error' => NULL,
   'validate' => NULL,
   'field' => 
  array (
    0 => 'city',
    1 => 'country',
    2 => 'nickName',
  ),
   'readonly' => 
  array (
  ),
   'visible' => 
  array (
  ),
   'hidden' => 
  array (
  ),
   'append' => 
  array (
  ),
   'data' => 
  array (
    'id' => 2,
    'avatarUrl' => 'ffea',
    'city' => 'fea',
    'country' => 'fea',
    'gender' => 1,
    'language' => 'w',
    'nickName' => 'ee',
    'openId' => '123',
    'province' => '23',
    'wechat' => '2',
    'phone' => '0',
    'identification' => 1,
    'status' => 'OK',
    'create_time' => '2017-11-30 23:56:07',
    'update_time' => '2017-11-30 23:56:11',
    '/user' => '',
    'test' => '1111',
    '------WebKitFormBoundary8x45snCUWYb4UkvB
Content-Disposition:_form-data;_name' => '&quot;id&quot;

2
------WebKitFormBoundary8x45snCUWYb4UkvB
Content-Disposition: form-data; name=&quot;openId&quot;

123
------WebKitFormBoundary8x45snCUWYb4UkvB
Content-Disposition: form-data; name=&quot;nickName&quot;

234
------WebKitFormBoundary8x45snCUWYb4UkvB--
',
  ),
   'origin' => 
  array (
    'id' => 2,
    'avatarUrl' => 'ffea',
    'city' => 'fea',
    'country' => 'fea',
    'gender' => 1,
    'language' => 'w',
    'nickName' => 'ee',
    'openId' => '123',
    'province' => '23',
    'wechat' => '2',
    'phone' => '0',
    'identification' => 1,
    'status' => 'OK',
    'create_time' => '2017-11-30 23:56:07',
    'update_time' => '2017-11-30 23:56:11',
    '/user' => '',
    'test' => '1111',
    '------WebKitFormBoundary8x45snCUWYb4UkvB
Content-Disposition:_form-data;_name' => '&quot;id&quot;

2
------WebKitFormBoundary8x45snCUWYb4UkvB
Content-Disposition: form-data; name=&quot;openId&quot;

123
------WebKitFormBoundary8x45snCUWYb4UkvB
Content-Disposition: form-data; name=&quot;nickName&quot;

234
------WebKitFormBoundary8x45snCUWYb4UkvB--
',
  ),
   'relation' => 
  array (
  ),
   'auto' => 
  array (
  ),
   'insert' => 
  array (
  ),
   'update' => 
  array (
  ),
   'autoWriteTimestamp' => false,
   'createTime' => 'create_time',
   'updateTime' => 'update_time',
   'dateFormat' => false,
   'type' => 
  array (
  ),
   'isUpdate' => true,
   'updateWhere' => 
  array (
    'id' => 
    array (
      0 => 'eq',
      1 => 2,
    ),
  ),
   'failException' => false,
   'useGlobalScope' => true,
   'batchValidate' => false,
   'resultSetType' => 'array',
   'relationWrite' => NULL,
))
[ info ] [ CACHE ] INIT file
[ error ] array (
  '/user' => '',
  'test' => '1111',
  '------WebKitFormBoundary8x45snCUWYb4UkvB
Content-Disposition:_form-data;_name' => '&quot;id&quot;

2
------WebKitFormBoundary8x45snCUWYb4UkvB
Content-Disposition: form-data; name=&quot;openId&quot;

123
------WebKitFormBoundary8x45snCUWYb4UkvB
Content-Disposition: form-data; name=&quot;nickName&quot;

234
------WebKitFormBoundary8x45snCUWYb4UkvB--
',
)
[ error ] NULL
[ sql ] [ DB ] CONNECT:[ UseTime:0.010001s ] mysql:dbname=voice_app;host=127.0.0.1;charset=utf8
[ sql ] [ SQL ] SHOW COLUMNS FROM `tb_user` [ RunTime:0.001000s ]
[ sql ] [ SQL ] SELECT * FROM `tb_user` WHERE  `id` = 2 LIMIT 1 [ RunTime:0.000000s ]
---------------------------------------------------------------
[ 2017-12-05T00:07:24+08:00 ] ::1 ::1 PUT /user
[ info ] localhost/user [运行时间：0.034002s][吞吐率：29.41req/s] [内存消耗：4,448.97kb] [文件加载：50]
[ info ] [ LOG ] INIT File
[ info ] [ LANG ] C:\wamp\www\project\thinkphp\lang\zh-cn.php
[ info ] [ BIND ] 'index'
[ info ] [ ROUTE ] array (
  'type' => 'module',
  'module' => 
  array (
    0 => NULL,
    1 => 'User',
    2 => 'put',
  ),
  'convert' => false,
)
[ info ] [ HEADER ] array (
  'host' => 'localhost',
  'connection' => 'keep-alive',
  'content-length' => '328',
  'user-agent' => 'Mozilla/5.0 (Windows NT 6.1; Win64; x64) AppleWebKit/537.36 (KHTML, like Gecko) Chrome/62.0.3202.94 Safari/537.36',
  'cache-control' => 'no-cache',
  'origin' => 'chrome-extension://fhbjgbiflinjbdggehcddcbncdddomop',
  'postman-token' => '07064783-82ce-138f-7cd4-52ae5c0ce7f3',
  'content-type' => 'multipart/form-data; boundary=----WebKitFormBoundary5EOJ5GuWyX4cBLiO',
  'accept' => '*/*',
  'accept-encoding' => 'gzip, deflate, br',
  'accept-language' => 'zh-CN,zh;q=0.9',
)
[ info ] [ PARAM ] array (
  '/user' => '',
  '------WebKitFormBoundary5EOJ5GuWyX4cBLiO
Content-Disposition:_form-data;_name' => '&quot;id&quot;

2
------WebKitFormBoundary5EOJ5GuWyX4cBLiO
Content-Disposition: form-data; name=&quot;openId&quot;

123
------WebKitFormBoundary5EOJ5GuWyX4cBLiO
Content-Disposition: form-data; name=&quot;nickName&quot;

234
------WebKitFormBoundary5EOJ5GuWyX4cBLiO--
',
)
[ info ] [ RUN ] app\index\controller\User->put[ C:\wamp\www\project\application\index\controller\User.php ]
[ info ] [ DB ] INIT mysql
[ info ] app\index\model\User::__set_state(array(
   'pk' => 'id',
   'connection' => 
  array (
  ),
   'parent' => NULL,
   'query' => NULL,
   'name' => 'User',
   'table' => NULL,
   'class' => 'app\\index\\model\\User',
   'error' => NULL,
   'validate' => NULL,
   'field' => 
  array (
    0 => 'city',
    1 => 'country',
    2 => 'nickName',
  ),
   'readonly' => 
  array (
  ),
   'visible' => 
  array (
  ),
   'hidden' => 
  array (
  ),
   'append' => 
  array (
  ),
   'data' => 
  array (
    'id' => 2,
    'avatarUrl' => 'ffea',
    'city' => 'fea',
    'country' => 'fea',
    'gender' => 1,
    'language' => 'w',
    'nickName' => 'ee',
    'openId' => '123',
    'province' => '23',
    'wechat' => '2',
    'phone' => '0',
    'identification' => 1,
    'status' => 'OK',
    'create_time' => '2017-11-30 23:56:07',
    'update_time' => '2017-11-30 23:56:11',
    '/user' => '',
    '------WebKitFormBoundary5EOJ5GuWyX4cBLiO
Content-Disposition:_form-data;_name' => '&quot;id&quot;

2
------WebKitFormBoundary5EOJ5GuWyX4cBLiO
Content-Disposition: form-data; name=&quot;openId&quot;

123
------WebKitFormBoundary5EOJ5GuWyX4cBLiO
Content-Disposition: form-data; name=&quot;nickName&quot;

234
------WebKitFormBoundary5EOJ5GuWyX4cBLiO--
',
  ),
   'origin' => 
  array (
    'id' => 2,
    'avatarUrl' => 'ffea',
    'city' => 'fea',
    'country' => 'fea',
    'gender' => 1,
    'language' => 'w',
    'nickName' => 'ee',
    'openId' => '123',
    'province' => '23',
    'wechat' => '2',
    'phone' => '0',
    'identification' => 1,
    'status' => 'OK',
    'create_time' => '2017-11-30 23:56:07',
    'update_time' => '2017-11-30 23:56:11',
    '/user' => '',
    '------WebKitFormBoundary5EOJ5GuWyX4cBLiO
Content-Disposition:_form-data;_name' => '&quot;id&quot;

2
------WebKitFormBoundary5EOJ5GuWyX4cBLiO
Content-Disposition: form-data; name=&quot;openId&quot;

123
------WebKitFormBoundary5EOJ5GuWyX4cBLiO
Content-Disposition: form-data; name=&quot;nickName&quot;

234
------WebKitFormBoundary5EOJ5GuWyX4cBLiO--
',
  ),
   'relation' => 
  array (
  ),
   'auto' => 
  array (
  ),
   'insert' => 
  array (
  ),
   'update' => 
  array (
  ),
   'autoWriteTimestamp' => false,
   'createTime' => 'create_time',
   'updateTime' => 'update_time',
   'dateFormat' => false,
   'type' => 
  array (
  ),
   'isUpdate' => true,
   'updateWhere' => 
  array (
    'id' => 
    array (
      0 => 'eq',
      1 => 2,
    ),
  ),
   'failException' => false,
   'useGlobalScope' => true,
   'batchValidate' => false,
   'resultSetType' => 'array',
   'relationWrite' => NULL,
))
[ info ] [ CACHE ] INIT file
[ error ] array (
  '/user' => '',
  '------WebKitFormBoundary5EOJ5GuWyX4cBLiO
Content-Disposition:_form-data;_name' => '&quot;id&quot;

2
------WebKitFormBoundary5EOJ5GuWyX4cBLiO
Content-Disposition: form-data; name=&quot;openId&quot;

123
------WebKitFormBoundary5EOJ5GuWyX4cBLiO
Content-Disposition: form-data; name=&quot;nickName&quot;

234
------WebKitFormBoundary5EOJ5GuWyX4cBLiO--
',
)
[ error ] NULL
[ sql ] [ DB ] CONNECT:[ UseTime:0.001000s ] mysql:dbname=voice_app;host=127.0.0.1;charset=utf8
[ sql ] [ SQL ] SHOW COLUMNS FROM `tb_user` [ RunTime:0.001000s ]
[ sql ] [ SQL ] SELECT * FROM `tb_user` WHERE  `id` = 2 LIMIT 1 [ RunTime:0.001000s ]
---------------------------------------------------------------
[ 2017-12-05T00:08:15+08:00 ] ::1 ::1 PUT /user
[ info ] localhost/user [运行时间：0.035002s][吞吐率：28.57req/s] [内存消耗：4,448.91kb] [文件加载：50]
[ info ] [ LOG ] INIT File
[ info ] [ LANG ] C:\wamp\www\project\thinkphp\lang\zh-cn.php
[ info ] [ BIND ] 'index'
[ info ] [ ROUTE ] array (
  'type' => 'module',
  'module' => 
  array (
    0 => NULL,
    1 => 'User',
    2 => 'put',
  ),
  'convert' => false,
)
[ info ] [ HEADER ] array (
  'host' => 'localhost',
  'connection' => 'keep-alive',
  'content-length' => '328',
  'user-agent' => 'Mozilla/5.0 (Windows NT 6.1; Win64; x64) AppleWebKit/537.36 (KHTML, like Gecko) Chrome/62.0.3202.94 Safari/537.36',
  'cache-control' => 'no-cache',
  'origin' => 'chrome-extension://fhbjgbiflinjbdggehcddcbncdddomop',
  'postman-token' => '1e795354-600f-cfc4-198a-13f2d86fed12',
  'content-type' => 'multipart/form-data; boundary=----WebKitFormBoundarypRFtxKduAFyB81xI',
  'accept' => '*/*',
  'accept-encoding' => 'gzip, deflate, br',
  'accept-language' => 'zh-CN,zh;q=0.9',
)
[ info ] [ PARAM ] array (
  '/user' => '',
  '------WebKitFormBoundarypRFtxKduAFyB81xI
Content-Disposition:_form-data;_name' => '&quot;id&quot;

2
------WebKitFormBoundarypRFtxKduAFyB81xI
Content-Disposition: form-data; name=&quot;openId&quot;

123
------WebKitFormBoundarypRFtxKduAFyB81xI
Content-Disposition: form-data; name=&quot;nickName&quot;

234
------WebKitFormBoundarypRFtxKduAFyB81xI--
',
)
[ info ] [ RUN ] app\index\controller\User->put[ C:\wamp\www\project\application\index\controller\User.php ]
[ info ] [ DB ] INIT mysql
[ info ] [ CACHE ] INIT file
[ error ] array (
  '/user' => '',
  '------WebKitFormBoundarypRFtxKduAFyB81xI
Content-Disposition:_form-data;_name' => '&quot;id&quot;

2
------WebKitFormBoundarypRFtxKduAFyB81xI
Content-Disposition: form-data; name=&quot;openId&quot;

123
------WebKitFormBoundarypRFtxKduAFyB81xI
Content-Disposition: form-data; name=&quot;nickName&quot;

234
------WebKitFormBoundarypRFtxKduAFyB81xI--
',
)
[ error ] NULL
[ error ] app\index\model\User::__set_state(array(
   'pk' => 'id',
   'connection' => 
  array (
  ),
   'parent' => NULL,
   'query' => NULL,
   'name' => 'User',
   'table' => NULL,
   'class' => 'app\\index\\model\\User',
   'error' => NULL,
   'validate' => NULL,
   'field' => 
  array (
    0 => 'city',
    1 => 'country',
    2 => 'nickName',
  ),
   'readonly' => 
  array (
  ),
   'visible' => 
  array (
  ),
   'hidden' => 
  array (
  ),
   'append' => 
  array (
  ),
   'data' => 
  array (
    'id' => 2,
    'avatarUrl' => 'ffea',
    'city' => 'fea',
    'country' => 'fea',
    'gender' => 1,
    'language' => 'w',
    'nickName' => 'ee',
    'openId' => '123',
    'province' => '23',
    'wechat' => '2',
    'phone' => '0',
    'identification' => 1,
    'status' => 'OK',
    'create_time' => '2017-11-30 23:56:07',
    'update_time' => '2017-11-30 23:56:11',
    '/user' => '',
    '------WebKitFormBoundarypRFtxKduAFyB81xI
Content-Disposition:_form-data;_name' => '&quot;id&quot;

2
------WebKitFormBoundarypRFtxKduAFyB81xI
Content-Disposition: form-data; name=&quot;openId&quot;

123
------WebKitFormBoundarypRFtxKduAFyB81xI
Content-Disposition: form-data; name=&quot;nickName&quot;

234
------WebKitFormBoundarypRFtxKduAFyB81xI--
',
  ),
   'origin' => 
  array (
    'id' => 2,
    'avatarUrl' => 'ffea',
    'city' => 'fea',
    'country' => 'fea',
    'gender' => 1,
    'language' => 'w',
    'nickName' => 'ee',
    'openId' => '123',
    'province' => '23',
    'wechat' => '2',
    'phone' => '0',
    'identification' => 1,
    'status' => 'OK',
    'create_time' => '2017-11-30 23:56:07',
    'update_time' => '2017-11-30 23:56:11',
    '/user' => '',
    '------WebKitFormBoundarypRFtxKduAFyB81xI
Content-Disposition:_form-data;_name' => '&quot;id&quot;

2
------WebKitFormBoundarypRFtxKduAFyB81xI
Content-Disposition: form-data; name=&quot;openId&quot;

123
------WebKitFormBoundarypRFtxKduAFyB81xI
Content-Disposition: form-data; name=&quot;nickName&quot;

234
------WebKitFormBoundarypRFtxKduAFyB81xI--
',
  ),
   'relation' => 
  array (
  ),
   'auto' => 
  array (
  ),
   'insert' => 
  array (
  ),
   'update' => 
  array (
  ),
   'autoWriteTimestamp' => false,
   'createTime' => 'create_time',
   'updateTime' => 'update_time',
   'dateFormat' => false,
   'type' => 
  array (
  ),
   'isUpdate' => true,
   'updateWhere' => 
  array (
    'id' => 
    array (
      0 => 'eq',
      1 => 2,
    ),
  ),
   'failException' => false,
   'useGlobalScope' => true,
   'batchValidate' => false,
   'resultSetType' => 'array',
   'relationWrite' => NULL,
))
[ sql ] [ DB ] CONNECT:[ UseTime:0.000000s ] mysql:dbname=voice_app;host=127.0.0.1;charset=utf8
[ sql ] [ SQL ] SHOW COLUMNS FROM `tb_user` [ RunTime:0.000000s ]
[ sql ] [ SQL ] SELECT * FROM `tb_user` WHERE  `id` = 2 LIMIT 1 [ RunTime:0.001000s ]
---------------------------------------------------------------
[ 2017-12-05T00:10:32+08:00 ] ::1 ::1 PUT /user
[ info ] localhost/user [运行时间：0.029001s][吞吐率：34.48req/s] [内存消耗：2,486.88kb] [文件加载：41]
[ info ] [ LOG ] INIT File
[ info ] [ LANG ] C:\wamp\www\project\thinkphp\lang\zh-cn.php
[ info ] [ BIND ] 'index'
[ info ] [ ROUTE ] array (
  'type' => 'module',
  'module' => 
  array (
    0 => NULL,
    1 => 'User',
    2 => 'put',
  ),
  'convert' => false,
)
[ info ] [ HEADER ] array (
  'host' => 'localhost',
  'connection' => 'keep-alive',
  'content-length' => '328',
  'user-agent' => 'Mozilla/5.0 (Windows NT 6.1; Win64; x64) AppleWebKit/537.36 (KHTML, like Gecko) Chrome/62.0.3202.94 Safari/537.36',
  'cache-control' => 'no-cache',
  'origin' => 'chrome-extension://fhbjgbiflinjbdggehcddcbncdddomop',
  'postman-token' => 'b96e9194-7663-177d-53ca-5f7d1cabfd03',
  'content-type' => 'multipart/form-data; boundary=----WebKitFormBoundaryRCmXkdbafLrDMeEn',
  'accept' => '*/*',
  'accept-encoding' => 'gzip, deflate, br',
  'accept-language' => 'zh-CN,zh;q=0.9',
)
[ info ] [ PARAM ] array (
  '/user' => '',
  '------WebKitFormBoundaryRCmXkdbafLrDMeEn
Content-Disposition:_form-data;_name' => '&quot;id&quot;

2
------WebKitFormBoundaryRCmXkdbafLrDMeEn
Content-Disposition: form-data; name=&quot;openId&quot;

123
------WebKitFormBoundaryRCmXkdbafLrDMeEn
Content-Disposition: form-data; name=&quot;nickName&quot;

234
------WebKitFormBoundaryRCmXkdbafLrDMeEn--
',
)
[ info ] [ RUN ] app\index\controller\User->put[ C:\wamp\www\project\application\index\controller\User.php ]
[ error ] [4]语法错误: unexpected ';'[C:\wamp\www\project\application\index\model\User.php:19]
---------------------------------------------------------------
[ 2017-12-05T00:10:52+08:00 ] ::1 ::1 PUT /user
[ info ] localhost/user [运行时间：0.043003s][吞吐率：23.25req/s] [内存消耗：4,448.13kb] [文件加载：50]
[ info ] [ LOG ] INIT File
[ info ] [ LANG ] C:\wamp\www\project\thinkphp\lang\zh-cn.php
[ info ] [ BIND ] 'index'
[ info ] [ ROUTE ] array (
  'type' => 'module',
  'module' => 
  array (
    0 => NULL,
    1 => 'User',
    2 => 'put',
  ),
  'convert' => false,
)
[ info ] [ HEADER ] array (
  'host' => 'localhost',
  'connection' => 'keep-alive',
  'content-length' => '328',
  'user-agent' => 'Mozilla/5.0 (Windows NT 6.1; Win64; x64) AppleWebKit/537.36 (KHTML, like Gecko) Chrome/62.0.3202.94 Safari/537.36',
  'cache-control' => 'no-cache',
  'origin' => 'chrome-extension://fhbjgbiflinjbdggehcddcbncdddomop',
  'postman-token' => '8c0fbbfc-a2e3-819f-044a-c8a94145592d',
  'content-type' => 'multipart/form-data; boundary=----WebKitFormBoundarySOn1IzuhMfkjkDd1',
  'accept' => '*/*',
  'accept-encoding' => 'gzip, deflate, br',
  'accept-language' => 'zh-CN,zh;q=0.9',
)
[ info ] [ PARAM ] array (
  '/user' => '',
  '------WebKitFormBoundarySOn1IzuhMfkjkDd1
Content-Disposition:_form-data;_name' => '&quot;id&quot;

2
------WebKitFormBoundarySOn1IzuhMfkjkDd1
Content-Disposition: form-data; name=&quot;openId&quot;

123
------WebKitFormBoundarySOn1IzuhMfkjkDd1
Content-Disposition: form-data; name=&quot;nickName&quot;

234
------WebKitFormBoundarySOn1IzuhMfkjkDd1--
',
)
[ info ] [ RUN ] app\index\controller\User->put[ C:\wamp\www\project\application\index\controller\User.php ]
[ info ] [ DB ] INIT mysql
[ info ] [ CACHE ] INIT file
[ error ] array (
  '/user' => '',
  '------WebKitFormBoundarySOn1IzuhMfkjkDd1
Content-Disposition:_form-data;_name' => '&quot;id&quot;

2
------WebKitFormBoundarySOn1IzuhMfkjkDd1
Content-Disposition: form-data; name=&quot;openId&quot;

123
------WebKitFormBoundarySOn1IzuhMfkjkDd1
Content-Disposition: form-data; name=&quot;nickName&quot;

234
------WebKitFormBoundarySOn1IzuhMfkjkDd1--
',
)
[ error ] NULL
[ error ] app\index\model\User::__set_state(array(
   'pk' => 'id',
   'connection' => 
  array (
  ),
   'parent' => NULL,
   'query' => NULL,
   'name' => 'User',
   'table' => NULL,
   'class' => 'app\\index\\model\\User',
   'error' => NULL,
   'validate' => NULL,
   'field' => 
  array (
    0 => 'nickName',
  ),
   'readonly' => 
  array (
  ),
   'visible' => 
  array (
  ),
   'hidden' => 
  array (
  ),
   'append' => 
  array (
  ),
   'data' => 
  array (
    'id' => 2,
    'avatarUrl' => 'ffea',
    'city' => 'fea',
    'country' => 'fea',
    'gender' => 1,
    'language' => 'w',
    'nickName' => 'ee',
    'openId' => '123',
    'province' => '23',
    'wechat' => '2',
    'phone' => '0',
    'identification' => 1,
    'status' => 'OK',
    'create_time' => '2017-11-30 23:56:07',
    'update_time' => '2017-11-30 23:56:11',
    0 => 
    array (
      'nickName' => 'test',
    ),
  ),
   'origin' => 
  array (
    'id' => 2,
    'avatarUrl' => 'ffea',
    'city' => 'fea',
    'country' => 'fea',
    'gender' => 1,
    'language' => 'w',
    'nickName' => 'ee',
    'openId' => '123',
    'province' => '23',
    'wechat' => '2',
    'phone' => '0',
    'identification' => 1,
    'status' => 'OK',
    'create_time' => '2017-11-30 23:56:07',
    'update_time' => '2017-11-30 23:56:11',
    0 => 
    array (
      'nickName' => 'test',
    ),
  ),
   'relation' => 
  array (
  ),
   'auto' => 
  array (
  ),
   'insert' => 
  array (
  ),
   'update' => 
  array (
  ),
   'autoWriteTimestamp' => false,
   'createTime' => 'create_time',
   'updateTime' => 'update_time',
   'dateFormat' => false,
   'type' => 
  array (
  ),
   'isUpdate' => true,
   'updateWhere' => 
  array (
    'id' => 
    array (
      0 => 'eq',
      1 => 2,
    ),
  ),
   'failException' => false,
   'useGlobalScope' => true,
   'batchValidate' => false,
   'resultSetType' => 'array',
   'relationWrite' => NULL,
))
[ sql ] [ DB ] CONNECT:[ UseTime:0.010000s ] mysql:dbname=voice_app;host=127.0.0.1;charset=utf8
[ sql ] [ SQL ] SHOW COLUMNS FROM `tb_user` [ RunTime:0.001000s ]
[ sql ] [ SQL ] SELECT * FROM `tb_user` WHERE  `id` = 2 LIMIT 1 [ RunTime:0.000000s ]
---------------------------------------------------------------
[ 2017-12-05T00:12:29+08:00 ] ::1 ::1 PUT /user
[ info ] localhost/user [运行时间：0.037002s][吞吐率：27.03req/s] [内存消耗：4,259.48kb] [文件加载：48]
[ info ] [ LOG ] INIT File
[ info ] [ LANG ] C:\wamp\www\project\thinkphp\lang\zh-cn.php
[ info ] [ BIND ] 'index'
[ info ] [ ROUTE ] array (
  'type' => 'module',
  'module' => 
  array (
    0 => NULL,
    1 => 'User',
    2 => 'put',
  ),
  'convert' => false,
)
[ info ] [ HEADER ] array (
  'host' => 'localhost',
  'connection' => 'keep-alive',
  'content-length' => '328',
  'user-agent' => 'Mozilla/5.0 (Windows NT 6.1; Win64; x64) AppleWebKit/537.36 (KHTML, like Gecko) Chrome/62.0.3202.94 Safari/537.36',
  'cache-control' => 'no-cache',
  'origin' => 'chrome-extension://fhbjgbiflinjbdggehcddcbncdddomop',
  'postman-token' => '51f4df0b-7e3d-3f58-6c9b-2d34c27d6931',
  'content-type' => 'multipart/form-data; boundary=----WebKitFormBoundary5fX6NFrZkUsdWc4r',
  'accept' => '*/*',
  'accept-encoding' => 'gzip, deflate, br',
  'accept-language' => 'zh-CN,zh;q=0.9',
)
[ info ] [ PARAM ] array (
  '/user' => '',
  '------WebKitFormBoundary5fX6NFrZkUsdWc4r
Content-Disposition:_form-data;_name' => '&quot;id&quot;

2
------WebKitFormBoundary5fX6NFrZkUsdWc4r
Content-Disposition: form-data; name=&quot;openId&quot;

123
------WebKitFormBoundary5fX6NFrZkUsdWc4r
Content-Disposition: form-data; name=&quot;nickName&quot;

234
------WebKitFormBoundary5fX6NFrZkUsdWc4r--
',
)
[ info ] [ RUN ] app\index\controller\User->put[ C:\wamp\www\project\application\index\controller\User.php ]
[ info ] [ DB ] INIT mysql
[ error ] array (
  '/user' => '',
  '------WebKitFormBoundary5fX6NFrZkUsdWc4r
Content-Disposition:_form-data;_name' => '&quot;id&quot;

2
------WebKitFormBoundary5fX6NFrZkUsdWc4r
Content-Disposition: form-data; name=&quot;openId&quot;

123
------WebKitFormBoundary5fX6NFrZkUsdWc4r
Content-Disposition: form-data; name=&quot;nickName&quot;

234
------WebKitFormBoundary5fX6NFrZkUsdWc4r--
',
)
[ error ] NULL
[ error ] [0]method not exist:think\db\Query->allowField[C:\wamp\www\project\thinkphp\library\think\db\Query.php:93]
---------------------------------------------------------------
[ 2017-12-05T00:14:31+08:00 ] ::1 ::1 PUT /user
[ info ] localhost/user [运行时间：0.047003s][吞吐率：21.28req/s] [内存消耗：4,347.69kb] [文件加载：49]
[ info ] [ LOG ] INIT File
[ info ] [ LANG ] C:\wamp\www\project\thinkphp\lang\zh-cn.php
[ info ] [ BIND ] 'index'
[ info ] [ ROUTE ] array (
  'type' => 'module',
  'module' => 
  array (
    0 => NULL,
    1 => 'User',
    2 => 'put',
  ),
  'convert' => false,
)
[ info ] [ HEADER ] array (
  'host' => 'localhost',
  'connection' => 'keep-alive',
  'content-length' => '328',
  'user-agent' => 'Mozilla/5.0 (Windows NT 6.1; Win64; x64) AppleWebKit/537.36 (KHTML, like Gecko) Chrome/62.0.3202.94 Safari/537.36',
  'cache-control' => 'no-cache',
  'origin' => 'chrome-extension://fhbjgbiflinjbdggehcddcbncdddomop',
  'postman-token' => '08029abe-db4d-a789-d4fe-4123f1a065ab',
  'content-type' => 'multipart/form-data; boundary=----WebKitFormBoundaryGdgOvmyAd1tIWM8p',
  'accept' => '*/*',
  'accept-encoding' => 'gzip, deflate, br',
  'accept-language' => 'zh-CN,zh;q=0.9',
)
[ info ] [ PARAM ] array (
  '/user' => '',
  '------WebKitFormBoundaryGdgOvmyAd1tIWM8p
Content-Disposition:_form-data;_name' => '&quot;id&quot;

2
------WebKitFormBoundaryGdgOvmyAd1tIWM8p
Content-Disposition: form-data; name=&quot;openId&quot;

123
------WebKitFormBoundaryGdgOvmyAd1tIWM8p
Content-Disposition: form-data; name=&quot;nickName&quot;

234
------WebKitFormBoundaryGdgOvmyAd1tIWM8p--
',
)
[ info ] [ RUN ] app\index\controller\User->put[ C:\wamp\www\project\application\index\controller\User.php ]
[ info ] [ DB ] INIT mysql
[ error ] array (
  '/user' => '',
  '------WebKitFormBoundaryGdgOvmyAd1tIWM8p
Content-Disposition:_form-data;_name' => '&quot;id&quot;

2
------WebKitFormBoundaryGdgOvmyAd1tIWM8p
Content-Disposition: form-data; name=&quot;openId&quot;

123
------WebKitFormBoundaryGdgOvmyAd1tIWM8p
Content-Disposition: form-data; name=&quot;nickName&quot;

234
------WebKitFormBoundaryGdgOvmyAd1tIWM8p--
',
)
[ error ] NULL
[ error ] [0]数据表字段不存在:[0][C:\wamp\www\project\thinkphp\library\think\db\Builder.php:107]
[ sql ] [ DB ] CONNECT:[ UseTime:0.011000s ] mysql:dbname=voice_app;host=127.0.0.1;charset=utf8
[ sql ] [ SQL ] SHOW COLUMNS FROM `tb_user` [ RunTime:0.001000s ]
---------------------------------------------------------------
[ 2017-12-05T00:15:15+08:00 ] ::1 ::1 PUT /user
[ info ] localhost/user [运行时间：0.054003s][吞吐率：18.52req/s] [内存消耗：4,418.38kb] [文件加载：50]
[ info ] [ LOG ] INIT File
[ info ] [ LANG ] C:\wamp\www\project\thinkphp\lang\zh-cn.php
[ info ] [ BIND ] 'index'
[ info ] [ ROUTE ] array (
  'type' => 'module',
  'module' => 
  array (
    0 => NULL,
    1 => 'User',
    2 => 'put',
  ),
  'convert' => false,
)
[ info ] [ HEADER ] array (
  'host' => 'localhost',
  'connection' => 'keep-alive',
  'content-length' => '328',
  'user-agent' => 'Mozilla/5.0 (Windows NT 6.1; Win64; x64) AppleWebKit/537.36 (KHTML, like Gecko) Chrome/62.0.3202.94 Safari/537.36',
  'cache-control' => 'no-cache',
  'origin' => 'chrome-extension://fhbjgbiflinjbdggehcddcbncdddomop',
  'postman-token' => '937fc02a-d4fd-10d0-5e54-6db44e2ef3df',
  'content-type' => 'multipart/form-data; boundary=----WebKitFormBoundarywGrBy3DyggI9A8OJ',
  'accept' => '*/*',
  'accept-encoding' => 'gzip, deflate, br',
  'accept-language' => 'zh-CN,zh;q=0.9',
)
[ info ] [ PARAM ] array (
  '/user' => '',
  '------WebKitFormBoundarywGrBy3DyggI9A8OJ
Content-Disposition:_form-data;_name' => '&quot;id&quot;

2
------WebKitFormBoundarywGrBy3DyggI9A8OJ
Content-Disposition: form-data; name=&quot;openId&quot;

123
------WebKitFormBoundarywGrBy3DyggI9A8OJ
Content-Disposition: form-data; name=&quot;nickName&quot;

234
------WebKitFormBoundarywGrBy3DyggI9A8OJ--
',
)
[ info ] [ RUN ] app\index\controller\User->put[ C:\wamp\www\project\application\index\controller\User.php ]
[ info ] [ DB ] INIT mysql
[ info ] [ CACHE ] INIT file
[ error ] array (
  '/user' => '',
  '------WebKitFormBoundarywGrBy3DyggI9A8OJ
Content-Disposition:_form-data;_name' => '&quot;id&quot;

2
------WebKitFormBoundarywGrBy3DyggI9A8OJ
Content-Disposition: form-data; name=&quot;openId&quot;

123
------WebKitFormBoundarywGrBy3DyggI9A8OJ
Content-Disposition: form-data; name=&quot;nickName&quot;

234
------WebKitFormBoundarywGrBy3DyggI9A8OJ--
',
)
[ error ] NULL
[ sql ] [ DB ] CONNECT:[ UseTime:0.010001s ] mysql:dbname=voice_app;host=127.0.0.1;charset=utf8
[ sql ] [ SQL ] SHOW COLUMNS FROM `tb_user` [ RunTime:0.001000s ]
[ sql ] [ SQL ] UPDATE `tb_user`  SET `nickName`='test'  WHERE  `id` = 2 [ RunTime:0.006000s ]
---------------------------------------------------------------
[ 2017-12-05T22:41:05+08:00 ] ::1 ::1 PUT /user
[ info ] localhost/user [运行时间：0.076005s][吞吐率：13.16req/s] [内存消耗：4,418.34kb] [文件加载：50]
[ info ] [ LOG ] INIT File
[ info ] [ LANG ] C:\wamp\www\project\thinkphp\lang\zh-cn.php
[ info ] [ BIND ] 'index'
[ info ] [ ROUTE ] array (
  'type' => 'module',
  'module' => 
  array (
    0 => NULL,
    1 => 'User',
    2 => 'put',
  ),
  'convert' => false,
)
[ info ] [ HEADER ] array (
  'host' => 'localhost',
  'connection' => 'keep-alive',
  'content-length' => '328',
  'user-agent' => 'Mozilla/5.0 (Windows NT 6.1; Win64; x64) AppleWebKit/537.36 (KHTML, like Gecko) Chrome/62.0.3202.94 Safari/537.36',
  'cache-control' => 'no-cache',
  'origin' => 'chrome-extension://fhbjgbiflinjbdggehcddcbncdddomop',
  'postman-token' => 'f21eb312-0c12-701a-1159-bd40bfc36ebf',
  'content-type' => 'multipart/form-data; boundary=----WebKitFormBoundary0drSU2EvyLWZgkaW',
  'accept' => '*/*',
  'accept-encoding' => 'gzip, deflate, br',
  'accept-language' => 'zh-CN,zh;q=0.9',
)
[ info ] [ PARAM ] array (
  '/user' => '',
  '------WebKitFormBoundary0drSU2EvyLWZgkaW
Content-Disposition:_form-data;_name' => '&quot;id&quot;

2
------WebKitFormBoundary0drSU2EvyLWZgkaW
Content-Disposition: form-data; name=&quot;openId&quot;

123
------WebKitFormBoundary0drSU2EvyLWZgkaW
Content-Disposition: form-data; name=&quot;nickName&quot;

234
------WebKitFormBoundary0drSU2EvyLWZgkaW--
',
)
[ info ] [ RUN ] app\index\controller\User->put[ C:\wamp\www\project\application\index\controller\User.php ]
[ info ] [ DB ] INIT mysql
[ info ] [ CACHE ] INIT file
[ error ] array (
  '/user' => '',
  '------WebKitFormBoundary0drSU2EvyLWZgkaW
Content-Disposition:_form-data;_name' => '&quot;id&quot;

2
------WebKitFormBoundary0drSU2EvyLWZgkaW
Content-Disposition: form-data; name=&quot;openId&quot;

123
------WebKitFormBoundary0drSU2EvyLWZgkaW
Content-Disposition: form-data; name=&quot;nickName&quot;

234
------WebKitFormBoundary0drSU2EvyLWZgkaW--
',
)
[ error ] NULL
[ sql ] [ DB ] CONNECT:[ UseTime:0.005000s ] mysql:dbname=voice_app;host=127.0.0.1;charset=utf8
[ sql ] [ SQL ] SHOW COLUMNS FROM `tb_user` [ RunTime:0.005000s ]
[ sql ] [ SQL ] UPDATE `tb_user`  SET `nickName`='test'  WHERE  `id` = 2 [ RunTime:0.002000s ]
---------------------------------------------------------------
[ 2017-12-05T22:42:27+08:00 ] ::1 ::1 PUT /user
[ info ] localhost/user [运行时间：0.026600s][吞吐率：37.59req/s] [内存消耗：4,418.92kb] [文件加载：50]
[ info ] [ LOG ] INIT File
[ info ] [ LANG ] C:\wamp\www\project\thinkphp\lang\zh-cn.php
[ info ] [ BIND ] 'index'
[ info ] [ ROUTE ] array (
  'type' => 'module',
  'module' => 
  array (
    0 => NULL,
    1 => 'User',
    2 => 'put',
  ),
  'convert' => false,
)
[ info ] [ HEADER ] array (
  'host' => 'localhost',
  'connection' => 'keep-alive',
  'content-length' => '328',
  'user-agent' => 'Mozilla/5.0 (Windows NT 6.1; Win64; x64) AppleWebKit/537.36 (KHTML, like Gecko) Chrome/62.0.3202.94 Safari/537.36',
  'cache-control' => 'no-cache',
  'origin' => 'chrome-extension://fhbjgbiflinjbdggehcddcbncdddomop',
  'postman-token' => 'dcf5353d-4619-cfcb-7fea-50811252abeb',
  'content-type' => 'multipart/form-data; boundary=----WebKitFormBoundaryZBHzCnSpKmBcZIhG',
  'accept' => '*/*',
  'accept-encoding' => 'gzip, deflate, br',
  'accept-language' => 'zh-CN,zh;q=0.9',
)
[ info ] [ PARAM ] array (
  '/user' => '',
  '------WebKitFormBoundaryZBHzCnSpKmBcZIhG
Content-Disposition:_form-data;_name' => '&quot;id&quot;

2
------WebKitFormBoundaryZBHzCnSpKmBcZIhG
Content-Disposition: form-data; name=&quot;openId&quot;

123
------WebKitFormBoundaryZBHzCnSpKmBcZIhG
Content-Disposition: form-data; name=&quot;nickName&quot;

234
------WebKitFormBoundaryZBHzCnSpKmBcZIhG--
',
)
[ info ] [ RUN ] app\index\controller\User->put[ C:\wamp\www\project\application\index\controller\User.php ]
[ info ] [ DB ] INIT mysql
[ info ] [ CACHE ] INIT file
[ error ] array (
  '/user' => '',
  '------WebKitFormBoundaryZBHzCnSpKmBcZIhG
Content-Disposition:_form-data;_name' => '&quot;id&quot;

2
------WebKitFormBoundaryZBHzCnSpKmBcZIhG
Content-Disposition: form-data; name=&quot;openId&quot;

123
------WebKitFormBoundaryZBHzCnSpKmBcZIhG
Content-Disposition: form-data; name=&quot;nickName&quot;

234
------WebKitFormBoundaryZBHzCnSpKmBcZIhG--
',
)
[ error ] NULL
[ sql ] [ DB ] CONNECT:[ UseTime:0.000000s ] mysql:dbname=voice_app;host=127.0.0.1;charset=utf8
[ sql ] [ SQL ] SHOW COLUMNS FROM `tb_user` [ RunTime:0.000000s ]
[ sql ] [ SQL ] UPDATE `tb_user`  SET `nickName`='test'  WHERE  `id` = 2 [ RunTime:0.000000s ]
---------------------------------------------------------------
[ 2017-12-05T22:43:57+08:00 ] ::1 ::1 PUT /user
[ info ] localhost/user [运行时间：0.036601s][吞吐率：27.32req/s] [内存消耗：4,419.04kb] [文件加载：50]
[ info ] [ LOG ] INIT File
[ info ] [ LANG ] C:\wamp\www\project\thinkphp\lang\zh-cn.php
[ info ] [ BIND ] 'index'
[ info ] [ ROUTE ] array (
  'type' => 'module',
  'module' => 
  array (
    0 => NULL,
    1 => 'User',
    2 => 'put',
  ),
  'convert' => false,
)
[ info ] [ HEADER ] array (
  'host' => 'localhost',
  'connection' => 'keep-alive',
  'content-length' => '328',
  'user-agent' => 'Mozilla/5.0 (Windows NT 6.1; Win64; x64) AppleWebKit/537.36 (KHTML, like Gecko) Chrome/62.0.3202.94 Safari/537.36',
  'cache-control' => 'no-cache',
  'origin' => 'chrome-extension://fhbjgbiflinjbdggehcddcbncdddomop',
  'postman-token' => 'ab2b8829-c9ea-42ea-62f1-855f07eada34',
  'content-type' => 'multipart/form-data; boundary=----WebKitFormBoundarycHrmkSJQd2h5TKP5',
  'accept' => '*/*',
  'accept-encoding' => 'gzip, deflate, br',
  'accept-language' => 'zh-CN,zh;q=0.9',
)
[ info ] [ PARAM ] array (
  '/user' => '',
  '------WebKitFormBoundarycHrmkSJQd2h5TKP5
Content-Disposition:_form-data;_name' => '&quot;id&quot;

2
------WebKitFormBoundarycHrmkSJQd2h5TKP5
Content-Disposition: form-data; name=&quot;openId&quot;

123
------WebKitFormBoundarycHrmkSJQd2h5TKP5
Content-Disposition: form-data; name=&quot;nickName&quot;

234
------WebKitFormBoundarycHrmkSJQd2h5TKP5--
',
)
[ info ] [ RUN ] app\index\controller\User->put[ C:\wamp\www\project\application\index\controller\User.php ]
[ info ] [ DB ] INIT mysql
[ info ] [ CACHE ] INIT file
[ error ] {"\/user":"","------WebKitFormBoundarycHrmkSJQd2h5TKP5\r\nContent-Disposition:_form-data;_name":"&quot;id&quot;\r\n\r\n2\r\n------WebKitFormBoundarycHrmkSJQd2h5TKP5\r\nContent-Disposition: form-data; name=&quot;openId&quot;\r\n\r\n123\r\n------WebKitFormBoundarycHrmkSJQd2h5TKP5\r\nContent-Disposition: form-data; name=&quot;nickName&quot;\r\n\r\n234\r\n------WebKitFormBoundarycHrmkSJQd2h5TKP5--\r\n"}
[ error ] NULL
[ sql ] [ DB ] CONNECT:[ UseTime:0.015600s ] mysql:dbname=voice_app;host=127.0.0.1;charset=utf8
[ sql ] [ SQL ] SHOW COLUMNS FROM `tb_user` [ RunTime:0.000000s ]
[ sql ] [ SQL ] UPDATE `tb_user`  SET `nickName`='test'  WHERE  `id` = 2 [ RunTime:0.000000s ]
---------------------------------------------------------------
[ 2017-12-05T22:44:48+08:00 ] ::1 ::1 PUT /user
[ info ] localhost/user [运行时间：0.021002s][吞吐率：47.61req/s] [内存消耗：4,417.48kb] [文件加载：50]
[ info ] [ LOG ] INIT File
[ info ] [ LANG ] C:\wamp\www\project\thinkphp\lang\zh-cn.php
[ info ] [ BIND ] 'index'
[ info ] [ ROUTE ] array (
  'type' => 'module',
  'module' => 
  array (
    0 => NULL,
    1 => 'User',
    2 => 'put',
  ),
  'convert' => false,
)
[ info ] [ HEADER ] array (
  'host' => 'localhost',
  'connection' => 'keep-alive',
  'content-length' => '328',
  'user-agent' => 'Mozilla/5.0 (Windows NT 6.1; Win64; x64) AppleWebKit/537.36 (KHTML, like Gecko) Chrome/62.0.3202.94 Safari/537.36',
  'cache-control' => 'no-cache',
  'origin' => 'chrome-extension://fhbjgbiflinjbdggehcddcbncdddomop',
  'postman-token' => '6cc3f81c-f7a7-8f35-4934-d7a61f6f4f44',
  'content-type' => 'multipart/form-data; boundary=----WebKitFormBoundaryKeb6Udurs3r2AgIb',
  'accept' => '*/*',
  'accept-encoding' => 'gzip, deflate, br',
  'accept-language' => 'zh-CN,zh;q=0.9',
)
[ info ] [ PARAM ] array (
  '/user' => '',
  '------WebKitFormBoundaryKeb6Udurs3r2AgIb
Content-Disposition:_form-data;_name' => '&quot;id&quot;

2
------WebKitFormBoundaryKeb6Udurs3r2AgIb
Content-Disposition: form-data; name=&quot;openId&quot;

123
------WebKitFormBoundaryKeb6Udurs3r2AgIb
Content-Disposition: form-data; name=&quot;nickName&quot;

234
------WebKitFormBoundaryKeb6Udurs3r2AgIb--
',
)
[ info ] [ RUN ] app\index\controller\User->put[ C:\wamp\www\project\application\index\controller\User.php ]
[ info ] [ DB ] INIT mysql
[ info ] [ CACHE ] INIT file
[ error ] {"\/user":"","------WebKitFormBoundaryKeb6Udurs3r2AgIb\r\nContent-Disposition:_form-data;_name":"&quot;id&quot;\r\n\r\n2\r\n------WebKitFormBoundaryKeb6Udurs3r2AgIb\r\nContent-Disposition: form-data; name=&quot;openId&quot;\r\n\r\n123\r\n------WebKitFormBoundaryKeb6Udurs3r2AgIb\r\nContent-Disposition: form-data; name=&quot;nickName&quot;\r\n\r\n234\r\n------WebKitFormBoundaryKeb6Udurs3r2AgIb--\r\n"}
[ sql ] [ DB ] CONNECT:[ UseTime:0.000000s ] mysql:dbname=voice_app;host=127.0.0.1;charset=utf8
[ sql ] [ SQL ] SHOW COLUMNS FROM `tb_user` [ RunTime:0.000000s ]
[ sql ] [ SQL ] UPDATE `tb_user`  SET `nickName`='test'  WHERE  `id` = 2 [ RunTime:0.000000s ]
---------------------------------------------------------------
[ 2017-12-05T22:45:13+08:00 ] ::1 ::1 PUT /user
[ info ] localhost/user [运行时间：0.035002s][吞吐率：28.57req/s] [内存消耗：4,418.15kb] [文件加载：50]
[ info ] [ LOG ] INIT File
[ info ] [ LANG ] C:\wamp\www\project\thinkphp\lang\zh-cn.php
[ info ] [ BIND ] 'index'
[ info ] [ ROUTE ] array (
  'type' => 'module',
  'module' => 
  array (
    0 => NULL,
    1 => 'User',
    2 => 'put',
  ),
  'convert' => false,
)
[ info ] [ HEADER ] array (
  'host' => 'localhost',
  'connection' => 'keep-alive',
  'content-length' => '328',
  'user-agent' => 'Mozilla/5.0 (Windows NT 6.1; Win64; x64) AppleWebKit/537.36 (KHTML, like Gecko) Chrome/62.0.3202.94 Safari/537.36',
  'cache-control' => 'no-cache',
  'origin' => 'chrome-extension://fhbjgbiflinjbdggehcddcbncdddomop',
  'postman-token' => '6721fb1c-e3d6-2aca-e6cd-9febc168d7e3',
  'content-type' => 'multipart/form-data; boundary=----WebKitFormBoundary202jdTCXywd0lhiv',
  'accept' => '*/*',
  'accept-encoding' => 'gzip, deflate, br',
  'accept-language' => 'zh-CN,zh;q=0.9',
)
[ info ] [ PARAM ] array (
  '/user' => '',
  '------WebKitFormBoundary202jdTCXywd0lhiv
Content-Disposition:_form-data;_name' => '&quot;id&quot;

2
------WebKitFormBoundary202jdTCXywd0lhiv
Content-Disposition: form-data; name=&quot;openId&quot;

123
------WebKitFormBoundary202jdTCXywd0lhiv
Content-Disposition: form-data; name=&quot;nickName&quot;

234
------WebKitFormBoundary202jdTCXywd0lhiv--
',
)
[ info ] [ RUN ] app\index\controller\User->put[ C:\wamp\www\project\application\index\controller\User.php ]
[ info ] [ DB ] INIT mysql
[ info ] [ CACHE ] INIT file
[ error ] ===>
[ error ] {"\/user":"","------WebKitFormBoundary202jdTCXywd0lhiv\r\nContent-Disposition:_form-data;_name":"&quot;id&quot;\r\n\r\n2\r\n------WebKitFormBoundary202jdTCXywd0lhiv\r\nContent-Disposition: form-data; name=&quot;openId&quot;\r\n\r\n123\r\n------WebKitFormBoundary202jdTCXywd0lhiv\r\nContent-Disposition: form-data; name=&quot;nickName&quot;\r\n\r\n234\r\n------WebKitFormBoundary202jdTCXywd0lhiv--\r\n"}
[ sql ] [ DB ] CONNECT:[ UseTime:0.001000s ] mysql:dbname=voice_app;host=127.0.0.1;charset=utf8
[ sql ] [ SQL ] SHOW COLUMNS FROM `tb_user` [ RunTime:0.001000s ]
[ sql ] [ SQL ] UPDATE `tb_user`  SET `nickName`='test'  WHERE  `id` = 2 [ RunTime:0.000000s ]
---------------------------------------------------------------
[ 2017-12-05T22:45:39+08:00 ] ::1 ::1 PUT /user
[ info ] localhost/user [运行时间：0.035002s][吞吐率：28.57req/s] [内存消耗：4,417.49kb] [文件加载：50]
[ info ] [ LOG ] INIT File
[ info ] [ LANG ] C:\wamp\www\project\thinkphp\lang\zh-cn.php
[ info ] [ BIND ] 'index'
[ info ] [ ROUTE ] array (
  'type' => 'module',
  'module' => 
  array (
    0 => NULL,
    1 => 'User',
    2 => 'put',
  ),
  'convert' => false,
)
[ info ] [ HEADER ] array (
  'host' => 'localhost',
  'connection' => 'keep-alive',
  'content-length' => '328',
  'user-agent' => 'Mozilla/5.0 (Windows NT 6.1; Win64; x64) AppleWebKit/537.36 (KHTML, like Gecko) Chrome/62.0.3202.94 Safari/537.36',
  'cache-control' => 'no-cache',
  'origin' => 'chrome-extension://fhbjgbiflinjbdggehcddcbncdddomop',
  'postman-token' => '2dc64fe3-f7a8-073d-f592-4d6e6f662351',
  'content-type' => 'multipart/form-data; boundary=----WebKitFormBoundary8Q4T1xZYM63wxtrM',
  'accept' => '*/*',
  'accept-encoding' => 'gzip, deflate, br',
  'accept-language' => 'zh-CN,zh;q=0.9',
)
[ info ] [ PARAM ] array (
  '/user' => '',
  '------WebKitFormBoundary8Q4T1xZYM63wxtrM
Content-Disposition:_form-data;_name' => '&quot;id&quot;

2
------WebKitFormBoundary8Q4T1xZYM63wxtrM
Content-Disposition: form-data; name=&quot;openId&quot;

123
------WebKitFormBoundary8Q4T1xZYM63wxtrM
Content-Disposition: form-data; name=&quot;nickName&quot;

234
------WebKitFormBoundary8Q4T1xZYM63wxtrM--
',
)
[ info ] [ RUN ] app\index\controller\User->put[ C:\wamp\www\project\application\index\controller\User.php ]
[ info ] [ DB ] INIT mysql
[ info ] [ CACHE ] INIT file
[ error ] ===>
[ error ] {"\/user":"","------WebKitFormBoundary8Q4T1xZYM63wxtrM\r\nContent-Disposition:_form-data;_name":"&quot;id&quot;\r\n\r\n2\r\n------WebKitFormBoundary8Q4T1xZYM63wxtrM\r\nContent-Disposition: form-data; name=&quot;openId&quot;\r\n\r\n123\r\n------WebKitFormBoundary8Q4T1xZYM63wxtrM\r\nContent-Disposition: form-data; name=&quot;nickName&quot;\r\n\r\n234\r\n------WebKitFormBoundary8Q4T1xZYM63wxtrM--\r\n"}
[ sql ] [ DB ] CONNECT:[ UseTime:0.000000s ] mysql:dbname=voice_app;host=127.0.0.1;charset=utf8
[ sql ] [ SQL ] SHOW COLUMNS FROM `tb_user` [ RunTime:0.001000s ]
[ sql ] [ SQL ] UPDATE `tb_user`  SET `nickName`='test'  WHERE  `id` = 2 [ RunTime:0.000000s ]
---------------------------------------------------------------
[ 2017-12-05T22:48:16+08:00 ] ::1 ::1 POST /user
[ info ] localhost/user [运行时间：0.033002s][吞吐率：30.30req/s] [内存消耗：4,415.17kb] [文件加载：50]
[ info ] [ LOG ] INIT File
[ info ] [ LANG ] C:\wamp\www\project\thinkphp\lang\zh-cn.php
[ info ] [ BIND ] 'index'
[ info ] [ ROUTE ] array (
  'type' => 'module',
  'module' => 
  array (
    0 => NULL,
    1 => 'User',
    2 => 'put',
  ),
  'convert' => false,
)
[ info ] [ HEADER ] array (
  'host' => 'localhost',
  'connection' => 'keep-alive',
  'content-length' => '328',
  'user-agent' => 'Mozilla/5.0 (Windows NT 6.1; Win64; x64) AppleWebKit/537.36 (KHTML, like Gecko) Chrome/62.0.3202.94 Safari/537.36',
  'cache-control' => 'no-cache',
  'origin' => 'chrome-extension://fhbjgbiflinjbdggehcddcbncdddomop',
  'postman-token' => '9d5d87bf-d908-6900-92a0-86f5ae63c85d',
  'content-type' => 'multipart/form-data; boundary=----WebKitFormBoundarylsFOQU5yB15SPEc7',
  'accept' => '*/*',
  'accept-encoding' => 'gzip, deflate, br',
  'accept-language' => 'zh-CN,zh;q=0.9',
)
[ info ] [ PARAM ] array (
  '/user' => '',
  'id' => '2',
  'openId' => '123',
  'nickName' => '234',
)
[ info ] [ RUN ] app\index\controller\User->put[ C:\wamp\www\project\application\index\controller\User.php ]
[ info ] [ DB ] INIT mysql
[ info ] [ CACHE ] INIT file
[ error ] ===>
[ error ] {"\/user":"","id":"2","openId":"123","nickName":"234"}
[ sql ] [ DB ] CONNECT:[ UseTime:0.000000s ] mysql:dbname=voice_app;host=127.0.0.1;charset=utf8
[ sql ] [ SQL ] SHOW COLUMNS FROM `tb_user` [ RunTime:0.001000s ]
[ sql ] [ SQL ] UPDATE `tb_user`  SET `nickName`='test'  WHERE  `id` = 2 [ RunTime:0.001000s ]
---------------------------------------------------------------
[ 2017-12-05T22:52:13+08:00 ] ::1 ::1 POST /user
[ info ] localhost/user [运行时间：0.034002s][吞吐率：29.41req/s] [内存消耗：4,415.17kb] [文件加载：50]
[ info ] [ LOG ] INIT File
[ info ] [ LANG ] C:\wamp\www\project\thinkphp\lang\zh-cn.php
[ info ] [ BIND ] 'index'
[ info ] [ ROUTE ] array (
  'type' => 'module',
  'module' => 
  array (
    0 => NULL,
    1 => 'User',
    2 => 'put',
  ),
  'convert' => false,
)
[ info ] [ HEADER ] array (
  'host' => 'localhost',
  'connection' => 'keep-alive',
  'content-length' => '328',
  'user-agent' => 'Mozilla/5.0 (Windows NT 6.1; Win64; x64) AppleWebKit/537.36 (KHTML, like Gecko) Chrome/62.0.3202.94 Safari/537.36',
  'cache-control' => 'no-cache',
  'origin' => 'chrome-extension://fhbjgbiflinjbdggehcddcbncdddomop',
  'postman-token' => '259c43cb-b60b-14ac-eee6-ef3c4055c7f9',
  'content-type' => 'multipart/form-data; boundary=----WebKitFormBoundaryDFt1HLvYAcHARFod',
  'accept' => '*/*',
  'accept-encoding' => 'gzip, deflate, br',
  'accept-language' => 'zh-CN,zh;q=0.9',
)
[ info ] [ PARAM ] array (
  '/user' => '',
  'id' => '2',
  'openId' => '123',
  'nickName' => '234',
)
[ info ] [ RUN ] app\index\controller\User->put[ C:\wamp\www\project\application\index\controller\User.php ]
[ info ] [ DB ] INIT mysql
[ info ] [ CACHE ] INIT file
[ error ] ===>
[ error ] {"\/user":"","id":"2","openId":"123","nickName":"234"}
[ sql ] [ DB ] CONNECT:[ UseTime:0.001000s ] mysql:dbname=voice_app;host=127.0.0.1;charset=utf8
[ sql ] [ SQL ] SHOW COLUMNS FROM `tb_user` [ RunTime:0.002000s ]
[ sql ] [ SQL ] UPDATE `tb_user`  SET `nickName`='test'  WHERE  `id` = 2 [ RunTime:0.000000s ]
---------------------------------------------------------------
[ 2017-12-05T22:52:57+08:00 ] ::1 ::1 POST /user
[ info ] localhost/user [运行时间：0.034002s][吞吐率：29.41req/s] [内存消耗：4,416.00kb] [文件加载：50]
[ info ] [ LOG ] INIT File
[ info ] [ LANG ] C:\wamp\www\project\thinkphp\lang\zh-cn.php
[ info ] [ BIND ] 'index'
[ info ] [ ROUTE ] array (
  'type' => 'module',
  'module' => 
  array (
    0 => NULL,
    1 => 'User',
    2 => 'put',
  ),
  'convert' => false,
)
[ info ] [ HEADER ] array (
  'host' => 'localhost',
  'connection' => 'keep-alive',
  'content-length' => '328',
  'user-agent' => 'Mozilla/5.0 (Windows NT 6.1; Win64; x64) AppleWebKit/537.36 (KHTML, like Gecko) Chrome/62.0.3202.94 Safari/537.36',
  'cache-control' => 'no-cache',
  'origin' => 'chrome-extension://fhbjgbiflinjbdggehcddcbncdddomop',
  'postman-token' => '8e627184-77aa-7986-e8a9-4cad840e898e',
  'content-type' => 'multipart/form-data; boundary=----WebKitFormBoundaryIhlw4n0g9voDNJVz',
  'accept' => '*/*',
  'accept-encoding' => 'gzip, deflate, br',
  'accept-language' => 'zh-CN,zh;q=0.9',
)
[ info ] [ PARAM ] array (
  '/user' => '',
  'id' => '2',
  'openId' => '123',
  'nickName' => '234',
)
[ info ] [ RUN ] app\index\controller\User->put[ C:\wamp\www\project\application\index\controller\User.php ]
[ info ] [ DB ] INIT mysql
[ info ] [ CACHE ] INIT file
[ error ] ===>
[ error ] {"\/user":"","id":"2","openId":"123","nickName":"234"}
[ error ] 0
[ sql ] [ DB ] CONNECT:[ UseTime:0.001000s ] mysql:dbname=voice_app;host=127.0.0.1;charset=utf8
[ sql ] [ SQL ] SHOW COLUMNS FROM `tb_user` [ RunTime:0.002000s ]
[ sql ] [ SQL ] UPDATE `tb_user`  SET `nickName`='test'  WHERE  `id` = 2 [ RunTime:0.000000s ]
---------------------------------------------------------------
[ 2017-12-05T22:53:52+08:00 ] ::1 ::1 POST /user
[ info ] localhost/user [运行时间：0.032001s][吞吐率：31.25req/s] [内存消耗：4,415.84kb] [文件加载：50]
[ info ] [ LOG ] INIT File
[ info ] [ LANG ] C:\wamp\www\project\thinkphp\lang\zh-cn.php
[ info ] [ BIND ] 'index'
[ info ] [ ROUTE ] array (
  'type' => 'module',
  'module' => 
  array (
    0 => NULL,
    1 => 'User',
    2 => 'put',
  ),
  'convert' => false,
)
[ info ] [ HEADER ] array (
  'host' => 'localhost',
  'connection' => 'keep-alive',
  'content-length' => '328',
  'user-agent' => 'Mozilla/5.0 (Windows NT 6.1; Win64; x64) AppleWebKit/537.36 (KHTML, like Gecko) Chrome/62.0.3202.94 Safari/537.36',
  'cache-control' => 'no-cache',
  'origin' => 'chrome-extension://fhbjgbiflinjbdggehcddcbncdddomop',
  'postman-token' => '7c717035-b898-6002-d3ec-d353cfce3f58',
  'content-type' => 'multipart/form-data; boundary=----WebKitFormBoundaryGaQgrduqod1ooge0',
  'accept' => '*/*',
  'accept-encoding' => 'gzip, deflate, br',
  'accept-language' => 'zh-CN,zh;q=0.9',
)
[ info ] [ PARAM ] array (
  '/user' => '',
  'id' => '2',
  'openId' => '123',
  'nickName' => '234',
)
[ info ] [ RUN ] app\index\controller\User->put[ C:\wamp\www\project\application\index\controller\User.php ]
[ info ] [ DB ] INIT mysql
[ info ] [ CACHE ] INIT file
[ error ] ===>
[ error ] {"\/user":"","id":"2","openId":"123","nickName":"234"}
[ error ] 0
[ sql ] [ DB ] CONNECT:[ UseTime:0.001000s ] mysql:dbname=voice_app;host=127.0.0.1;charset=utf8
[ sql ] [ SQL ] SHOW COLUMNS FROM `tb_user` [ RunTime:0.001000s ]
[ sql ] [ SQL ] UPDATE `tb_user`  SET `nickName`='test'  WHERE  `id` = 2 [ RunTime:0.000000s ]
---------------------------------------------------------------
[ 2017-12-05T22:54:23+08:00 ] ::1 ::1 POST /user
[ info ] localhost/user [运行时间：0.040002s][吞吐率：25.00req/s] [内存消耗：4,345.01kb] [文件加载：49]
[ info ] [ LOG ] INIT File
[ info ] [ LANG ] C:\wamp\www\project\thinkphp\lang\zh-cn.php
[ info ] [ BIND ] 'index'
[ info ] [ ROUTE ] array (
  'type' => 'module',
  'module' => 
  array (
    0 => NULL,
    1 => 'User',
    2 => 'put',
  ),
  'convert' => false,
)
[ info ] [ HEADER ] array (
  'host' => 'localhost',
  'connection' => 'keep-alive',
  'content-length' => '328',
  'user-agent' => 'Mozilla/5.0 (Windows NT 6.1; Win64; x64) AppleWebKit/537.36 (KHTML, like Gecko) Chrome/62.0.3202.94 Safari/537.36',
  'cache-control' => 'no-cache',
  'origin' => 'chrome-extension://fhbjgbiflinjbdggehcddcbncdddomop',
  'postman-token' => '9143ad26-0066-1444-1b08-96f51154abfe',
  'content-type' => 'multipart/form-data; boundary=----WebKitFormBoundaryGRvq3wI8f7ORyjhY',
  'accept' => '*/*',
  'accept-encoding' => 'gzip, deflate, br',
  'accept-language' => 'zh-CN,zh;q=0.9',
)
[ info ] [ PARAM ] array (
  '/user' => '',
  'id' => '2',
  'openId' => '123',
  'nickName' => '234',
)
[ info ] [ RUN ] app\index\controller\User->put[ C:\wamp\www\project\application\index\controller\User.php ]
[ info ] [ DB ] INIT mysql
[ error ] ===>
[ error ] {"\/user":"","id":"2","openId":"123","nickName":"234"}
[ error ] [0]数据表字段不存在:[nickNameas][C:\wamp\www\project\thinkphp\library\think\db\Builder.php:107]
[ sql ] [ DB ] CONNECT:[ UseTime:0.000000s ] mysql:dbname=voice_app;host=127.0.0.1;charset=utf8
[ sql ] [ SQL ] SHOW COLUMNS FROM `tb_user` [ RunTime:0.001000s ]
---------------------------------------------------------------
[ 2017-12-05T22:54:51+08:00 ] ::1 ::1 POST /user
[ info ] localhost/user [运行时间：0.034002s][吞吐率：29.41req/s] [内存消耗：4,415.84kb] [文件加载：50]
[ info ] [ LOG ] INIT File
[ info ] [ LANG ] C:\wamp\www\project\thinkphp\lang\zh-cn.php
[ info ] [ BIND ] 'index'
[ info ] [ ROUTE ] array (
  'type' => 'module',
  'module' => 
  array (
    0 => NULL,
    1 => 'User',
    2 => 'put',
  ),
  'convert' => false,
)
[ info ] [ HEADER ] array (
  'host' => 'localhost',
  'connection' => 'keep-alive',
  'content-length' => '328',
  'user-agent' => 'Mozilla/5.0 (Windows NT 6.1; Win64; x64) AppleWebKit/537.36 (KHTML, like Gecko) Chrome/62.0.3202.94 Safari/537.36',
  'cache-control' => 'no-cache',
  'origin' => 'chrome-extension://fhbjgbiflinjbdggehcddcbncdddomop',
  'postman-token' => '84c3004a-8fb6-75ef-bf52-f3643b4a64ef',
  'content-type' => 'multipart/form-data; boundary=----WebKitFormBoundarysBp1aPVE5Ty8HwtC',
  'accept' => '*/*',
  'accept-encoding' => 'gzip, deflate, br',
  'accept-language' => 'zh-CN,zh;q=0.9',
)
[ info ] [ PARAM ] array (
  '/user' => '',
  'id' => '2',
  'openId' => '123',
  'nickName' => '234',
)
[ info ] [ RUN ] app\index\controller\User->put[ C:\wamp\www\project\application\index\controller\User.php ]
[ info ] [ DB ] INIT mysql
[ info ] [ CACHE ] INIT file
[ error ] ===>
[ error ] {"\/user":"","id":"2","openId":"123","nickName":"234"}
[ error ] 0
[ sql ] [ DB ] CONNECT:[ UseTime:0.001000s ] mysql:dbname=voice_app;host=127.0.0.1;charset=utf8
[ sql ] [ SQL ] SHOW COLUMNS FROM `tb_user` [ RunTime:0.002000s ]
[ sql ] [ SQL ] UPDATE `tb_user`  SET `nickName`='test'  WHERE  `id` = 1 [ RunTime:0.001000s ]
---------------------------------------------------------------
[ 2017-12-05T22:55:35+08:00 ] ::1 ::1 POST /user
[ info ] localhost/user [运行时间：0.035002s][吞吐率：28.57req/s] [内存消耗：4,416.00kb] [文件加载：50]
[ info ] [ LOG ] INIT File
[ info ] [ LANG ] C:\wamp\www\project\thinkphp\lang\zh-cn.php
[ info ] [ BIND ] 'index'
[ info ] [ ROUTE ] array (
  'type' => 'module',
  'module' => 
  array (
    0 => NULL,
    1 => 'User',
    2 => 'put',
  ),
  'convert' => false,
)
[ info ] [ HEADER ] array (
  'host' => 'localhost',
  'connection' => 'keep-alive',
  'content-length' => '328',
  'user-agent' => 'Mozilla/5.0 (Windows NT 6.1; Win64; x64) AppleWebKit/537.36 (KHTML, like Gecko) Chrome/62.0.3202.94 Safari/537.36',
  'cache-control' => 'no-cache',
  'origin' => 'chrome-extension://fhbjgbiflinjbdggehcddcbncdddomop',
  'postman-token' => 'fb523137-bcab-3dbb-70d8-7cf0d2abed8f',
  'content-type' => 'multipart/form-data; boundary=----WebKitFormBoundary5PVGe7BX4CIwMfHe',
  'accept' => '*/*',
  'accept-encoding' => 'gzip, deflate, br',
  'accept-language' => 'zh-CN,zh;q=0.9',
)
[ info ] [ PARAM ] array (
  '/user' => '',
  'id' => '2',
  'openId' => '123',
  'nickName' => '234',
)
[ info ] [ RUN ] app\index\controller\User->put[ C:\wamp\www\project\application\index\controller\User.php ]
[ info ] [ DB ] INIT mysql
[ info ] [ CACHE ] INIT file
[ error ] ===>
[ error ] {"\/user":"","id":"2","openId":"123","nickName":"234"}
[ error ] 1
[ sql ] [ DB ] CONNECT:[ UseTime:0.001001s ] mysql:dbname=voice_app;host=127.0.0.1;charset=utf8
[ sql ] [ SQL ] SHOW COLUMNS FROM `tb_user` [ RunTime:0.001000s ]
[ sql ] [ SQL ] UPDATE `tb_user`  SET `nickName`='test123'  WHERE  `id` = 2 [ RunTime:0.002000s ]
---------------------------------------------------------------
[ 2017-12-05T22:56:36+08:00 ] ::1 ::1 POST /user
[ info ] localhost/user [运行时间：0.044002s][吞吐率：22.73req/s] [内存消耗：4,418.10kb] [文件加载：50]
[ info ] [ LOG ] INIT File
[ info ] [ LANG ] C:\wamp\www\project\thinkphp\lang\zh-cn.php
[ info ] [ BIND ] 'index'
[ info ] [ ROUTE ] array (
  'type' => 'module',
  'module' => 
  array (
    0 => NULL,
    1 => 'User',
    2 => 'put',
  ),
  'convert' => false,
)
[ info ] [ HEADER ] array (
  'host' => 'localhost',
  'connection' => 'keep-alive',
  'content-length' => '328',
  'user-agent' => 'Mozilla/5.0 (Windows NT 6.1; Win64; x64) AppleWebKit/537.36 (KHTML, like Gecko) Chrome/62.0.3202.94 Safari/537.36',
  'cache-control' => 'no-cache',
  'origin' => 'chrome-extension://fhbjgbiflinjbdggehcddcbncdddomop',
  'postman-token' => 'ed4e0449-9a80-ee0b-576b-759513acd2b5',
  'content-type' => 'multipart/form-data; boundary=----WebKitFormBoundaryvlnOGnUTFiH36j5j',
  'accept' => '*/*',
  'accept-encoding' => 'gzip, deflate, br',
  'accept-language' => 'zh-CN,zh;q=0.9',
)
[ info ] [ PARAM ] array (
  '/user' => '',
  'id' => '2',
  'openId' => '123',
  'nickName' => '234',
)
[ info ] [ RUN ] app\index\controller\User->put[ C:\wamp\www\project\application\index\controller\User.php ]
[ info ] [ DB ] INIT mysql
[ info ] [ CACHE ] INIT file
[ error ] ===>
[ error ] {"\/user":"","id":"2","openId":"123","nickName":"234"}
[ error ] 0
[ sql ] [ DB ] CONNECT:[ UseTime:0.010000s ] mysql:dbname=voice_app;host=127.0.0.1;charset=utf8
[ sql ] [ SQL ] SHOW COLUMNS FROM `tb_user` [ RunTime:0.001000s ]
[ sql ] [ SQL ] UPDATE `tb_user`  SET `nickName`='test123'  WHERE  `id` = 2 [ RunTime:0.000000s ]
---------------------------------------------------------------
[ 2017-12-05T22:56:52+08:00 ] ::1 ::1 POST /user
[ info ] localhost/user [运行时间：0.042003s][吞吐率：23.81req/s] [内存消耗：4,417.90kb] [文件加载：50]
[ info ] [ LOG ] INIT File
[ info ] [ LANG ] C:\wamp\www\project\thinkphp\lang\zh-cn.php
[ info ] [ BIND ] 'index'
[ info ] [ ROUTE ] array (
  'type' => 'module',
  'module' => 
  array (
    0 => NULL,
    1 => 'User',
    2 => 'put',
  ),
  'convert' => false,
)
[ info ] [ HEADER ] array (
  'host' => 'localhost',
  'connection' => 'keep-alive',
  'content-length' => '328',
  'user-agent' => 'Mozilla/5.0 (Windows NT 6.1; Win64; x64) AppleWebKit/537.36 (KHTML, like Gecko) Chrome/62.0.3202.94 Safari/537.36',
  'cache-control' => 'no-cache',
  'origin' => 'chrome-extension://fhbjgbiflinjbdggehcddcbncdddomop',
  'postman-token' => '526facf3-687e-c36a-15f3-185781526bf7',
  'content-type' => 'multipart/form-data; boundary=----WebKitFormBoundary60xC04TDCnWQVGWl',
  'accept' => '*/*',
  'accept-encoding' => 'gzip, deflate, br',
  'accept-language' => 'zh-CN,zh;q=0.9',
)
[ info ] [ PARAM ] array (
  '/user' => '',
  'id' => '2',
  'openId' => '123',
  'nickName' => '234',
)
[ info ] [ RUN ] app\index\controller\User->put[ C:\wamp\www\project\application\index\controller\User.php ]
[ info ] [ DB ] INIT mysql
[ info ] [ CACHE ] INIT file
[ error ] ===>
[ error ] {"\/user":"","id":"2","openId":"123","nickName":"234"}
[ error ] 0
[ sql ] [ DB ] CONNECT:[ UseTime:0.010000s ] mysql:dbname=voice_app;host=127.0.0.1;charset=utf8
[ sql ] [ SQL ] SHOW COLUMNS FROM `tb_user` [ RunTime:0.001000s ]
[ sql ] [ SQL ] UPDATE `tb_user`  SET `nickName`='test123'  WHERE  `id` = 2 [ RunTime:0.000000s ]
---------------------------------------------------------------
[ 2017-12-05T23:16:29+08:00 ] ::1 ::1 POST /user
[ info ] localhost/user [运行时间：0.035002s][吞吐率：28.57req/s] [内存消耗：4,416.63kb] [文件加载：50]
[ info ] [ LOG ] INIT File
[ info ] [ LANG ] C:\wamp\www\project\thinkphp\lang\zh-cn.php
[ info ] [ BIND ] 'index'
[ info ] [ ROUTE ] array (
  'type' => 'module',
  'module' => 
  array (
    0 => NULL,
    1 => 'User',
    2 => 'put',
  ),
  'convert' => false,
)
[ info ] [ HEADER ] array (
  'host' => 'localhost',
  'connection' => 'keep-alive',
  'content-length' => '328',
  'user-agent' => 'Mozilla/5.0 (Windows NT 6.1; Win64; x64) AppleWebKit/537.36 (KHTML, like Gecko) Chrome/62.0.3202.94 Safari/537.36',
  'cache-control' => 'no-cache',
  'origin' => 'chrome-extension://fhbjgbiflinjbdggehcddcbncdddomop',
  'postman-token' => 'aef30c0b-b17e-665f-8804-4d11229fba46',
  'content-type' => 'multipart/form-data; boundary=----WebKitFormBoundaryWp3zJlYJzLT9k8my',
  'accept' => '*/*',
  'accept-encoding' => 'gzip, deflate, br',
  'accept-language' => 'zh-CN,zh;q=0.9',
)
[ info ] [ PARAM ] array (
  '/user' => '',
  'id' => '2',
  'openId' => '123',
  'nickName' => '234',
)
[ info ] [ RUN ] app\index\controller\User->put[ C:\wamp\www\project\application\index\controller\User.php ]
[ info ] [ DB ] INIT mysql
[ info ] [ CACHE ] INIT file
[ sql ] [ DB ] CONNECT:[ UseTime:0.001000s ] mysql:dbname=voice_app;host=127.0.0.1;charset=utf8
[ sql ] [ SQL ] SHOW COLUMNS FROM `tb_user` [ RunTime:0.001000s ]
[ sql ] [ SQL ] UPDATE `tb_user`  SET `nickName`='test123'  WHERE  `id` = 123 [ RunTime:0.001000s ]
---------------------------------------------------------------
[ 2017-12-05T23:30:46+08:00 ] ::1 ::1 GET /login
[ info ] localhost/login [运行时间：0.047003s][吞吐率：21.28req/s] [内存消耗：2,500.80kb] [文件加载：44]
[ info ] [ LOG ] INIT File
[ info ] [ LANG ] C:\wamp\www\project\thinkphp\lang\zh-cn.php
[ info ] [ BIND ] 'index'
[ info ] [ ROUTE ] array (
  'type' => 'module',
  'module' => 
  array (
    0 => NULL,
    1 => 'Login',
    2 => 'index',
  ),
  'convert' => false,
)
[ info ] [ HEADER ] array (
  'host' => 'localhost',
  'connection' => 'keep-alive',
  'user-agent' => 'Mozilla/5.0 (Windows NT 6.1; Win64; x64) AppleWebKit/537.36 (KHTML, like Gecko) Chrome/62.0.3202.94 Safari/537.36',
  'upgrade-insecure-requests' => '1',
  'accept' => 'text/html,application/xhtml+xml,application/xml;q=0.9,image/webp,image/apng,*/*;q=0.8',
  'accept-encoding' => 'gzip, deflate, br',
  'accept-language' => 'zh-CN,zh;q=0.9',
  'cookie' => 'Phpstorm-93927948=d6dc4526-bd2d-4dad-8709-a190d6f62966; _ga=GA1.1.1256827339.1491552238',
)
[ info ] [ PARAM ] array (
  '/login' => '',
)
[ info ] [ RUN ] app\index\controller\Login->index[ C:\wamp\www\project\application\index\controller\Login.php ]
[ error ] [1]Call to undefined method app\index\controller\Login::json()[C:\wamp\www\project\application\index\controller\Login.php:21]
---------------------------------------------------------------
[ 2017-12-05T23:31:55+08:00 ] ::1 ::1 GET /login
[ info ] localhost/login [运行时间：0.035002s][吞吐率：28.57req/s] [内存消耗：2,383.80kb] [文件加载：41]
[ info ] [ LOG ] INIT File
[ info ] [ LANG ] C:\wamp\www\project\thinkphp\lang\zh-cn.php
[ info ] [ BIND ] 'index'
[ info ] [ ROUTE ] array (
  'type' => 'module',
  'module' => 
  array (
    0 => NULL,
    1 => 'Login',
    2 => 'index',
  ),
  'convert' => false,
)
[ info ] [ HEADER ] array (
  'host' => 'localhost',
  'connection' => 'keep-alive',
  'cache-control' => 'max-age=0',
  'user-agent' => 'Mozilla/5.0 (Windows NT 6.1; Win64; x64) AppleWebKit/537.36 (KHTML, like Gecko) Chrome/62.0.3202.94 Safari/537.36',
  'upgrade-insecure-requests' => '1',
  'accept' => 'text/html,application/xhtml+xml,application/xml;q=0.9,image/webp,image/apng,*/*;q=0.8',
  'accept-encoding' => 'gzip, deflate, br',
  'accept-language' => 'zh-CN,zh;q=0.9',
  'cookie' => 'Phpstorm-93927948=d6dc4526-bd2d-4dad-8709-a190d6f62966; _ga=GA1.1.1256827339.1491552238',
)
[ info ] [ PARAM ] array (
  '/login' => '',
)
[ info ] [ RUN ] app\index\controller\Login->index[ C:\wamp\www\project\application\index\controller\Login.php ]
---------------------------------------------------------------
[ 2017-12-05T23:50:38+08:00 ] ::1 ::1 GET /login
[ info ] localhost/login [运行时间：0.020001s][吞吐率：50.00req/s] [内存消耗：2,384.08kb] [文件加载：41]
[ info ] [ LOG ] INIT File
[ info ] [ LANG ] C:\wamp\www\project\thinkphp\lang\zh-cn.php
[ info ] [ BIND ] 'index'
[ info ] [ ROUTE ] array (
  'type' => 'module',
  'module' => 
  array (
    0 => NULL,
    1 => 'Login',
    2 => 'index',
  ),
  'convert' => false,
)
[ info ] [ HEADER ] array (
  'host' => 'localhost',
  'connection' => 'keep-alive',
  'cache-control' => 'max-age=0',
  'user-agent' => 'Mozilla/5.0 (Windows NT 6.1; Win64; x64) AppleWebKit/537.36 (KHTML, like Gecko) Chrome/62.0.3202.94 Safari/537.36',
  'upgrade-insecure-requests' => '1',
  'accept' => 'text/html,application/xhtml+xml,application/xml;q=0.9,image/webp,image/apng,*/*;q=0.8',
  'accept-encoding' => 'gzip, deflate, br',
  'accept-language' => 'zh-CN,zh;q=0.9',
  'cookie' => 'Phpstorm-93927948=d6dc4526-bd2d-4dad-8709-a190d6f62966; _ga=GA1.1.1256827339.1491552238',
)
[ info ] [ PARAM ] array (
  '/login' => '',
)
[ info ] [ RUN ] app\index\controller\Login->index[ C:\wamp\www\project\application\index\controller\Login.php ]
