---------------------------------------------------------------
[ 2017-12-07T00:39:52+08:00 ] ::1 ::1 GET /login
[ info ] localhost/login [运行时间：0.025001s][吞吐率：40.00req/s] [内存消耗：2,381.51kb] [文件加载：41]
[ info ] [ LOG ] INIT File
[ info ] [ LANG ] C:\wamp\www\my_voice\thinkphp\lang\zh-cn.php
[ info ] [ BIND ] 'index'
[ info ] [ ROUTE ] array (
  'type' => 'module',
  'module' => 
  array (
    0 => NULL,
    1 => 'Login',
    2 => 'index',
  ),
  'convert' => false,
)
[ info ] [ HEADER ] array (
  'host' => 'localhost',
  'connection' => 'keep-alive',
  'cache-control' => 'max-age=0',
  'user-agent' => 'Mozilla/5.0 (Windows NT 6.1; Win64; x64) AppleWebKit/537.36 (KHTML, like Gecko) Chrome/62.0.3202.94 Safari/537.36',
  'upgrade-insecure-requests' => '1',
  'accept' => 'text/html,application/xhtml+xml,application/xml;q=0.9,image/webp,image/apng,*/*;q=0.8',
  'accept-encoding' => 'gzip, deflate, br',
  'accept-language' => 'zh-CN,zh;q=0.9',
  'cookie' => 'Phpstorm-93927948=d6dc4526-bd2d-4dad-8709-a190d6f62966; _ga=GA1.1.1256827339.1491552238',
)
[ info ] [ PARAM ] array (
  '/login' => '',
)
[ info ] [ RUN ] app\index\controller\Login->index[ C:\wamp\www\my_voice\application\index\controller\Login.php ]
